<?xml version="1.0" encoding="UTF-8"?>
<testsuite name="com.aor.numbers.DivisibleByFilterTest" tests="2" skipped="0" failures="0" errors="0" timestamp="2023-11-16T00:12:27" hostname="miller-VirtualBox" time="0.008">
  <properties/>
  <testcase name="acceptDivideBy2()" classname="com.aor.numbers.DivisibleByFilterTest" time="0.003"/>
  <testcase name="acceptDivideBy3()" classname="com.aor.numbers.DivisibleByFilterTest" time="0.002"/>
  <system-out><![CDATA[]]></system-out>
  <system-err><![CDATA[]]></system-err>
</testsuite>
